<?xml version="1.0" encoding="UTF-8" ?>
<testsuite tests="4" failures="0" name="br.ce.wcaquino.servicos.LocacaoServiceTest" time="0.033" errors="1" skipped="0">
  <properties>
[...]
</properties>
  <testcase classname="br.ce.wcaquino.servicos.LocacaoServiceTest" name="testeLocacao" time="0.022">
    <error message="class br.ce.wcaquino.entidades.Filme cannot be cast to class java.util.List (br.ce.wcaquino.entidades.Filme is in unnamed module of loader &apos;app&apos;; java.util.List is in module java.base of loader &apos;bootstrap&apos;)" type="java.lang.ClassCastException">java.lang.ClassCastException: class br.ce.wcaquino.entidades.Filme cannot be cast to class java.util.List (br.ce.wcaquino.entidades.Filme is in unnamed module of loader &apos;app&apos;; java.util.List is in module java.base of loader &apos;bootstrap&apos;)
	at br.ce.wcaquino.entidades.Locacao.setFilme(Locacao.java:52)
	at br.ce.wcaquino.servicos.LocacaoService.alugarFilme(LocacaoService.java:28)
	at br.ce.wcaquino.servicos.LocacaoServiceTest.testeLocacao(LocacaoServiceTest.java:45)
	at java.base/jdk.internal.reflect.NativeMethodAccessorImpl.invoke0(Native Method)
	at java.base/jdk.internal.reflect.NativeMethodAccessorImpl.invoke(NativeMethodAccessorImpl.java:62)
	at java.base/jdk.internal.reflect.DelegatingMethodAccessorImpl.invoke(DelegatingMethodAccessorImpl.java:43)
	at java.base/java.lang.reflect.Method.invoke(Method.java:567)
	at org.junit.runners.model.FrameworkMethod$1.runReflectiveCall(FrameworkMethod.java:59)
	at org.junit.internal.runners.model.ReflectiveCallable.run(ReflectiveCallable.java:12)
	at org.junit.runners.model.FrameworkMethod.invokeExplosively(FrameworkMethod.java:56)
	at org.junit.internal.runners.statements.InvokeMethod.evaluate(InvokeMethod.java:17)
	at org.junit.internal.runners.statements.RunBefores.evaluate(RunBefores.java:26)
	at org.junit.rules.Verifier$1.evaluate(Verifier.java:35)
	at org.junit.rules.ExpectedException$ExpectedExceptionStatement.evaluate(ExpectedException.java:258)
	at org.junit.runners.ParentRunner$3.evaluate(ParentRunner.java:306)
	at org.junit.runners.BlockJUnit4ClassRunner$1.evaluate(BlockJUnit4ClassRunner.java:100)
	at org.junit.runners.ParentRunner.runLeaf(ParentRunner.java:366)
	at org.junit.runners.BlockJUnit4ClassRunner.runChild(BlockJUnit4ClassRunner.java:103)
	at org.junit.runners.BlockJUnit4ClassRunner.runChild(BlockJUnit4ClassRunner.java:63)
	at org.junit.runners.ParentRunner$4.run(ParentRunner.java:331)
	at org.junit.runners.ParentRunner$1.schedule(ParentRunner.java:79)
	at org.junit.runners.ParentRunner.runChildren(ParentRunner.java:329)
	at org.junit.runners.ParentRunner.access$100(ParentRunner.java:66)
	at org.junit.runners.ParentRunner$2.evaluate(ParentRunner.java:293)
	at org.junit.runners.ParentRunner$3.evaluate(ParentRunner.java:306)
	at org.junit.runners.ParentRunner.run(ParentRunner.java:413)
	at org.apache.maven.surefire.junit4.JUnit4Provider.execute(JUnit4Provider.java:252)
	at org.apache.maven.surefire.junit4.JUnit4Provider.executeTestSet(JUnit4Provider.java:141)
	at org.apache.maven.surefire.junit4.JUnit4Provider.invoke(JUnit4Provider.java:112)
	at java.base/jdk.internal.reflect.NativeMethodAccessorImpl.invoke0(Native Method)
	at java.base/jdk.internal.reflect.NativeMethodAccessorImpl.invoke(NativeMethodAccessorImpl.java:62)
	at java.base/jdk.internal.reflect.DelegatingMethodAccessorImpl.invoke(DelegatingMethodAccessorImpl.java:43)
	at java.base/java.lang.reflect.Method.invoke(Method.java:567)
	at org.apache.maven.surefire.util.ReflectionUtils.invokeMethodWithArray(ReflectionUtils.java:189)
	at org.apache.maven.surefire.booter.ProviderFactory$ProviderProxy.invoke(ProviderFactory.java:165)
	at org.apache.maven.surefire.booter.ProviderFactory.invokeProvider(ProviderFactory.java:85)
	at org.apache.maven.surefire.booter.ForkedBooter.runSuitesInProcess(ForkedBooter.java:115)
	at org.apache.maven.surefire.booter.ForkedBooter.main(ForkedBooter.java:75)
</error>
    <system-out>Teste Iniciado com sucesso!
</system-out>
  </testcase>
  <testcase classname="br.ce.wcaquino.servicos.LocacaoServiceTest" name="testLocacao_FilmeVazio" time="0.005"/>
  <testcase classname="br.ce.wcaquino.servicos.LocacaoServiceTest" name="testLocacao_usuarioVazio" time="0.005"/>
  <testcase classname="br.ce.wcaquino.servicos.LocacaoServiceTest" name="testLocacao_filmeSemEstoque" time="0.001"/>
</testsuite>